Mono path[0] = 'C:/Games/RimWorld 1.4/RimWorldWin64_Data/Managed'
Mono config path = 'C:/Games/RimWorld 1.4/MonoBleedingEdge/etc'
Initialize engine version: 2019.4.30f1 (e8c891080a1f)
[Subsystems] Discovering subsystems at path C:/Games/RimWorld 1.4/RimWorldWin64_Data/UnitySubsystems
GfxDevice: creating device client; threaded=1
Direct3D:
    Version:  Direct3D 11.0 [level 11.1]
    Renderer: AMD Radeon R7 200 Series (ID=0x6610)
    Vendor:   
    VRAM:     1004 MB
    Driver:   27.20.1034.6
Begin MonoManager ReloadAssembly
- Completed reload, in  0.241 seconds
<RI> Initializing input.
D3D11 device created for Microsoft Media Foundation video decoding.
<RI> Input initialized.
<RI> Initialized touch support.
UnloadTime: 1.232300 ms
RimWorld 1.4.3537 rev237
Tried loading mod with the same packageId multiple times: void.charactereditor. Ignoring the duplicates.
C:\Games\RimWorld 1.4\Mods\Character Editor Updated
C:\Games\RimWorld 1.4\Mods\Character Editor 
(Filename: C:\buildslave\unity\build\Runtime/Export/Debug/Debug.bindings.h Line: 39)

Fallback handler could not load library C:/Games/RimWorld 1.4/RimWorldWin64_Data/Mono/data-0000025EEBE45030.dll
Fallback handler could not load library C:/Games/RimWorld 1.4/RimWorldWin64_Data/Mono/data-0000025EC96F0CA0.dll
Fallback handler could not load library C:/Games/RimWorld 1.4/RimWorldWin64_Data/Mono/data-0000025EEBF6A010.dll
Fallback handler could not load library C:/Games/RimWorld 1.4/RimWorldWin64_Data/Mono/data-0000025EEBFA2E30.dll
Fallback handler could not load library C:/Games/RimWorld 1.4/RimWorldWin64_Data/Mono/data-0000025EEBDEC020.dll
Fallback handler could not load library C:/Games/RimWorld 1.4/RimWorldWin64_Data/Mono/data-0000025EEBFE0020.dll
Fallback handler could not load library C:/Games/RimWorld 1.4/RimWorldWin64_Data/Mono/data-0000025EEBFE5030.dll
Fallback handler could not load library C:/Games/RimWorld 1.4/RimWorldWin64_Data/Mono/data-0000025EEBFEAA40.dll
Fallback handler could not load library C:/Games/RimWorld 1.4/RimWorldWin64_Data/Mono/data-0000025EEBFF6A60.dll
Fallback handler could not load library C:/Games/RimWorld 1.4/RimWorldWin64_Data/Mono/data-0000025EEC01F480.dll
Fallback handler could not load library C:/Games/RimWorld 1.4/RimWorldWin64_Data/Mono/data-0000025EEB93D0B0.dll
Fallback handler could not load library C:/Games/RimWorld 1.4/RimWorldWin64_Data/Mono/data-0000025EEC069CC0.dll
Fallback handler could not load library C:/Games/RimWorld 1.4/RimWorldWin64_Data/Mono/data-0000025EEC06D4D0.dll
Fallback handler could not load library C:/Games/RimWorld 1.4/RimWorldWin64_Data/Mono/data-0000025EEC098700.dll
Fallback handler could not load library C:/Games/RimWorld 1.4/RimWorldWin64_Data/Mono/data-0000025EEC0F3010.dll
Fallback handler could not load library C:/Games/RimWorld 1.4/RimWorldWin64_Data/Mono/data-0000025EEC0F4E20.dll
Fallback handler could not load library C:/Games/RimWorld 1.4/RimWorldWin64_Data/Mono/data-0000025EEC0F6430.dll
Fallback handler could not load library C:/Games/RimWorld 1.4/RimWorldWin64_Data/Mono/data-0000025EEC0F7A40.dll
Fallback handler could not load library C:/Games/RimWorld 1.4/RimWorldWin64_Data/Mono/data-0000025EEC11B260.dll
Fallback handler could not load library C:/Games/RimWorld 1.4/RimWorldWin64_Data/Mono/data-0000025EEC12CE80.dll
Fallback handler could not load library C:/Games/RimWorld 1.4/RimWorldWin64_Data/Mono/data-0000025EEC25E010.dll
Setting up 2 worker threads for Enlighten.
  Thread -> id: 1408 -> priority: 1 
  Thread -> id: 279c -> priority: 1 
Fallback handler could not load library C:/Games/RimWorld 1.4/RimWorldWin64_Data/Mono/data-0000025EEC260C20.dll
Fallback handler could not load library C:/Games/RimWorld 1.4/RimWorldWin64_Data/Mono/data-0000025EEC28B010.dll
Fallback handler could not load library C:/Games/RimWorld 1.4/RimWorldWin64_Data/Mono/data-0000025EEBA72120.dll
Fallback handler could not load library C:/Games/RimWorld 1.4/RimWorldWin64_Data/Mono/data-0000025EC9667020.dll
Could not reload mod content for mod JangoDsoul.TheForge.NCRArmory: System.Threading.ThreadAbortException
  at (wrapper managed-to-native) System.Object.__icall_wrapper_wb_generic(intptr)
  at (wrapper write-barrier) System.Object.wbarrier_conc(intptr)
  at (wrapper managed-to-native) System.IO.MonoIO.FindNextFile(intptr,string&,int&,int&)
  at System.IO.FileSystemEnumerableIterator`1[TSource].MoveNext () [0x00208] in <eae584ce26bc40229c1b1aa476bfa589>:0 
  at System.Collections.Generic.List`1[T]..ctor (System.Collections.Generic.IEnumerable`1[T] collection) [0x00077] in <eae584ce26bc40229c1b1aa476bfa589>:0 
  at System.IO.Directory.InternalGetFileDirectoryNames (System.String path, System.String userPathOriginal, System.String searchPattern, System.Boolean includeFiles, System.Boolean includeDirs, System.IO.SearchOption searchOption, System.Boolean checkHost) [0x0000f] in <eae584ce26bc40229c1b1aa476bfa589>:0 
  at System.IO.Directory.InternalGetDirectories (System.String path, System.String searchPattern, System.IO.SearchOption searchOption) [0x00000] in <eae584ce26bc40229c1b1aa476bfa589>:0 
  at System.IO.Directory.GetDirectories (System.String path, System.String searchPattern) [0x0001c] in <eae584ce26bc40229c1b1aa476bfa589>:0 
  at System.IO.DirectoryInfo.GetDirectories (System.String searchPattern) [0x0000e] in <eae584ce26bc40229c1b1aa476bfa589>:0 
  at System.IO.DirectoryInfo.GetDirectories () [0x00000] in <eae584ce26bc40229c1b1aa476bfa589>:0 
  at System.IO.DirectoryInfo.GetFilesSubdirs (System.Collections.ArrayList l, System.String pattern) [0x0001d] in <eae584ce26bc40229c1b1aa476bfa589>:0 
  at System.IO.DirectoryInfo.GetFiles (System.String searchPattern, System.IO.SearchOption searchOption) [0x00017] in <eae584ce26bc40229c1b1aa476bfa589>:0 
  at (wrapper remoting-invoke-with-check) System.IO.DirectoryInfo.GetFiles(string,System.IO.SearchOption)
  at Verse.ModContentPack.GetAllFilesForModPreserveOrder (Verse.ModContentPack mod, System.String contentPath, System.Func`2[T,TResult] validateExtension, System.Collections.Generic.List`1[T] foldersToLoadDebug) [0x00044] in <4b53ac099a7e43a0bd38f6db4241a7ad>:0 
  at Verse.ModAssemblyHandler.ReloadAll () [0x00043] in <4b53ac099a7e43a0bd38f6db4241a7ad>:0 
  at Verse.ModContentPack.ReloadContent () [0x00011] in <4b53ac099a7e43a0bd38f6db4241a7ad>:0 
  at Verse.LoadedModManager.LoadModContent () [0x00049] in <4b53ac099a7e43a0bd38f6db4241a7ad>:0  
(Filename: C:\buildslave\unity\build\Runtime/Export/Debug/Debug.bindings.h Line: 39)

Caught exception while loading play data but there are active mods other than Core. Resetting mods config and trying again.
The exception was: System.Threading.ThreadAbortException
  at Verse.LoadedModManager.LoadModContent () [0x0007f] in <4b53ac099a7e43a0bd38f6db4241a7ad>:0 
  at Verse.LoadedModManager.LoadAllActiveMods () [0x00038] in <4b53ac099a7e43a0bd38f6db4241a7ad>:0 
  at Verse.PlayDataLoader.DoPlayLoad () [0x00026] in <4b53ac099a7e43a0bd38f6db4241a7ad>:0 
  at Verse.PlayDataLoader.LoadAllPlayData (System.Boolean recovering) [0x0001c] in <4b53ac099a7e43a0bd38f6db4241a7ad>:0  
(Filename: C:\buildslave\unity\build\Runtime/Export/Debug/Debug.bindings.h Line: 39)

